<?xml version="1.0" encoding="UTF-8"?>
<testng-results ignored="0" total="1" passed="1" failed="0" skipped="0">
  <reporter-output>
  </reporter-output>
  <suite started-at="2023-05-12T03:03:16 PDT" name="Default suite" finished-at="2023-05-12T03:04:04 PDT" duration-ms="48040">
    <groups>
    </groups>
    <test started-at="2023-05-12T03:03:16 PDT" name="Default test" finished-at="2023-05-12T03:04:04 PDT" duration-ms="48040">
      <class name="com.udemy.qa.testcases.LoginPageTest">
        <test-method is-config="true" signature="setUp()[pri:0, instance:com.udemy.qa.testcases.LoginPageTest@4310d43]" started-at="2023-05-12T03:03:16 PDT" name="setUp" finished-at="2023-05-12T03:03:20 PDT" duration-ms="4800" status="PASS">
          <reporter-output>
          </reporter-output>
        </test-method> <!-- setUp -->
        <test-method signature="loginTest()[pri:0, instance:com.udemy.qa.testcases.LoginPageTest@4310d43]" started-at="2023-05-12T03:03:20 PDT" name="loginTest" finished-at="2023-05-12T03:04:03 PDT" duration-ms="42133" status="PASS">
          <reporter-output>
          </reporter-output>
        </test-method> <!-- loginTest -->
        <test-method is-config="true" signature="tearDown()[pri:0, instance:com.udemy.qa.testcases.LoginPageTest@4310d43]" started-at="2023-05-12T03:04:03 PDT" name="tearDown" finished-at="2023-05-12T03:04:04 PDT" duration-ms="1057" status="PASS">
          <reporter-output>
          </reporter-output>
        </test-method> <!-- tearDown -->
      </class> <!-- com.udemy.qa.testcases.LoginPageTest -->
    </test> <!-- Default test -->
  </suite> <!-- Default suite -->
</testng-results>
